FXC : warning X4717: Effects deprecated for D3DCompiler_47
C:\Users\wooju\Desktop\Team_Project\Client_Project\WOOJUN_PROJECT\WOOJUN_ENGINE\Bin\Shader\Share.fx(165,9-60): warning X3206: implicit truncation of vector type
C:\Users\wooju\Desktop\Team_Project\Client_Project\WOOJUN_PROJECT\WOOJUN_ENGINE\Bin\Shader\Share.fx(172,9-61): warning X3206: implicit truncation of vector type
C:\Users\wooju\Desktop\Team_Project\Client_Project\WOOJUN_PROJECT\WOOJUN_ENGINE\Bin\Shader\Share.fx(178,13-54): warning X3206: implicit truncation of vector type
C:\Users\wooju\Desktop\Team_Project\Client_Project\WOOJUN_PROJECT\WOOJUN_ENGINE\Bin\Shader\Share.fx(189,9-61): warning X3206: implicit truncation of vector type
C:\Users\wooju\Desktop\Team_Project\Client_Project\WOOJUN_PROJECT\WOOJUN_ENGINE\Bin\Shader\Share.fx(195,13-54): warning X3206: implicit truncation of vector type
C:\Users\wooju\Desktop\Team_Project\Client_Project\WOOJUN_PROJECT\WOOJUN_ENGINE\Bin\Shader\Share.fx(199,16-66): warning X3206: implicit truncation of vector type
  
  compilation object save succeeded; see C:\Users\wooju\Desktop\Team_Project\Client_Project\WOOJUN_PROJECT\WOOJUN_ENGINE\Bin\Collider.cso
FXC : warning X4717: Effects deprecated for D3DCompiler_47
C:\Users\wooju\Desktop\Team_Project\Client_Project\WOOJUN_PROJECT\WOOJUN_ENGINE\Bin\Shader\Share.fx(165,9-60): warning X3206: implicit truncation of vector type
C:\Users\wooju\Desktop\Team_Project\Client_Project\WOOJUN_PROJECT\WOOJUN_ENGINE\Bin\Shader\Share.fx(172,9-61): warning X3206: implicit truncation of vector type
C:\Users\wooju\Desktop\Team_Project\Client_Project\WOOJUN_PROJECT\WOOJUN_ENGINE\Bin\Shader\Share.fx(178,13-54): warning X3206: implicit truncation of vector type
C:\Users\wooju\Desktop\Team_Project\Client_Project\WOOJUN_PROJECT\WOOJUN_ENGINE\Bin\Shader\Share.fx(189,9-61): warning X3206: implicit truncation of vector type
C:\Users\wooju\Desktop\Team_Project\Client_Project\WOOJUN_PROJECT\WOOJUN_ENGINE\Bin\Shader\Share.fx(195,13-54): warning X3206: implicit truncation of vector type
C:\Users\wooju\Desktop\Team_Project\Client_Project\WOOJUN_PROJECT\WOOJUN_ENGINE\Bin\Shader\Share.fx(199,16-66): warning X3206: implicit truncation of vector type
  
  compilation object save succeeded; see C:\Users\wooju\Desktop\Team_Project\Client_Project\WOOJUN_PROJECT\WOOJUN_ENGINE\Bin\Effect.cso
FXC : warning X4717: Effects deprecated for D3DCompiler_47
  
  compilation object save succeeded; see C:\Users\wooju\Desktop\Team_Project\Client_Project\WOOJUN_PROJECT\WOOJUN_ENGINE\Bin\Sky.cso
FXC : warning X4717: Effects deprecated for D3DCompiler_47
C:\Users\wooju\Desktop\Team_Project\Client_Project\WOOJUN_PROJECT\WOOJUN_ENGINE\Bin\Shader\Share.fx(165,9-60): warning X3206: implicit truncation of vector type
C:\Users\wooju\Desktop\Team_Project\Client_Project\WOOJUN_PROJECT\WOOJUN_ENGINE\Bin\Shader\Share.fx(172,9-61): warning X3206: implicit truncation of vector type
C:\Users\wooju\Desktop\Team_Project\Client_Project\WOOJUN_PROJECT\WOOJUN_ENGINE\Bin\Shader\Share.fx(178,13-54): warning X3206: implicit truncation of vector type
C:\Users\wooju\Desktop\Team_Project\Client_Project\WOOJUN_PROJECT\WOOJUN_ENGINE\Bin\Shader\Share.fx(189,9-61): warning X3206: implicit truncation of vector type
C:\Users\wooju\Desktop\Team_Project\Client_Project\WOOJUN_PROJECT\WOOJUN_ENGINE\Bin\Shader\Share.fx(195,13-54): warning X3206: implicit truncation of vector type
C:\Users\wooju\Desktop\Team_Project\Client_Project\WOOJUN_PROJECT\WOOJUN_ENGINE\Bin\Shader\Share.fx(199,16-66): warning X3206: implicit truncation of vector type
C:\Users\wooju\Desktop\Team_Project\Client_Project\WOOJUN_PROJECT\WOOJUN_ENGINE\Bin\Shader\Standard.fx(30,5-62): warning X3206: implicit truncation of vector type
C:\Users\wooju\Desktop\Team_Project\Client_Project\WOOJUN_PROJECT\WOOJUN_ENGINE\Bin\Shader\Standard.fx(31,5-60): warning X3206: implicit truncation of vector type
C:\Users\wooju\Desktop\Team_Project\Client_Project\WOOJUN_PROJECT\WOOJUN_ENGINE\Bin\Shader\Standard.fx(62,5-60): warning X3206: implicit truncation of vector type
  
  compilation object save succeeded; see C:\Users\wooju\Desktop\Team_Project\Client_Project\WOOJUN_PROJECT\WOOJUN_ENGINE\Bin\Standard.cso
FXC : warning X4717: Effects deprecated for D3DCompiler_47
C:\Users\wooju\Desktop\Team_Project\Client_Project\WOOJUN_PROJECT\WOOJUN_ENGINE\Bin\Shader\Share.fx(165,9-60): warning X3206: implicit truncation of vector type
C:\Users\wooju\Desktop\Team_Project\Client_Project\WOOJUN_PROJECT\WOOJUN_ENGINE\Bin\Shader\Share.fx(172,9-61): warning X3206: implicit truncation of vector type
C:\Users\wooju\Desktop\Team_Project\Client_Project\WOOJUN_PROJECT\WOOJUN_ENGINE\Bin\Shader\Share.fx(178,13-54): warning X3206: implicit truncation of vector type
C:\Users\wooju\Desktop\Team_Project\Client_Project\WOOJUN_PROJECT\WOOJUN_ENGINE\Bin\Shader\Share.fx(189,9-61): warning X3206: implicit truncation of vector type
C:\Users\wooju\Desktop\Team_Project\Client_Project\WOOJUN_PROJECT\WOOJUN_ENGINE\Bin\Shader\Share.fx(195,13-54): warning X3206: implicit truncation of vector type
C:\Users\wooju\Desktop\Team_Project\Client_Project\WOOJUN_PROJECT\WOOJUN_ENGINE\Bin\Shader\Share.fx(199,16-66): warning X3206: implicit truncation of vector type
C:\Users\wooju\Desktop\Team_Project\Client_Project\WOOJUN_PROJECT\WOOJUN_ENGINE\Bin\Shader\Terrain.fx(28,5-60): warning X3206: implicit truncation of vector type
  
  compilation object save succeeded; see C:\Users\wooju\Desktop\Team_Project\Client_Project\WOOJUN_PROJECT\WOOJUN_ENGINE\Bin\Terrain.cso
FXC : warning X4717: Effects deprecated for D3DCompiler_47
C:\Users\wooju\Desktop\Team_Project\Client_Project\WOOJUN_PROJECT\WOOJUN_ENGINE\Bin\Shader\Share.fx(165,9-60): warning X3206: implicit truncation of vector type
C:\Users\wooju\Desktop\Team_Project\Client_Project\WOOJUN_PROJECT\WOOJUN_ENGINE\Bin\Shader\Share.fx(172,9-61): warning X3206: implicit truncation of vector type
C:\Users\wooju\Desktop\Team_Project\Client_Project\WOOJUN_PROJECT\WOOJUN_ENGINE\Bin\Shader\Share.fx(178,13-54): warning X3206: implicit truncation of vector type
C:\Users\wooju\Desktop\Team_Project\Client_Project\WOOJUN_PROJECT\WOOJUN_ENGINE\Bin\Shader\Share.fx(189,9-61): warning X3206: implicit truncation of vector type
C:\Users\wooju\Desktop\Team_Project\Client_Project\WOOJUN_PROJECT\WOOJUN_ENGINE\Bin\Shader\Share.fx(195,13-54): warning X3206: implicit truncation of vector type
C:\Users\wooju\Desktop\Team_Project\Client_Project\WOOJUN_PROJECT\WOOJUN_ENGINE\Bin\Shader\Share.fx(199,16-66): warning X3206: implicit truncation of vector type
  
  compilation object save succeeded; see C:\Users\wooju\Desktop\Team_Project\Client_Project\WOOJUN_PROJECT\WOOJUN_ENGINE\Bin\UI.cso
  CollisionMgr.cpp
  Debug.cpp
  KeyMgr.cpp
01.Core\KeyMgr.cpp(186): warning C4244: '초기화 중': 'LONG'에서 'float'(으)로 변환하면서 데이터가 손실될 수 있습니다.
01.Core\KeyMgr.cpp(187): warning C4244: '초기화 중': 'LONG'에서 'float'(으)로 변환하면서 데이터가 손실될 수 있습니다.
01.Core\KeyMgr.cpp(198): warning C4244: '=': 'float'에서 'LONG'(으)로 변환하면서 데이터가 손실될 수 있습니다.
01.Core\KeyMgr.cpp(199): warning C4244: '=': 'float'에서 'LONG'(으)로 변환하면서 데이터가 손실될 수 있습니다.
01.Core\KeyMgr.cpp(209): warning C4244: '인수': 'LONG'에서 'float'(으)로 변환하면서 데이터가 손실될 수 있습니다.
  PathMgr.cpp
  Thread.cpp
  ThreadMgr.cpp
  Timer.cpp
  TimerMgr.cpp
  FbxLoader.cpp
03.Resource\FbxLoader.cpp(153): warning C4244: '=': 'double'에서 'float'(으)로 변환하면서 데이터가 손실될 수 있습니다.
03.Resource\FbxLoader.cpp(154): warning C4244: '=': 'double'에서 'float'(으)로 변환하면서 데이터가 손실될 수 있습니다.
03.Resource\FbxLoader.cpp(155): warning C4244: '=': 'double'에서 'float'(으)로 변환하면서 데이터가 손실될 수 있습니다.
03.Resource\FbxLoader.cpp(192): warning C4244: '인수': 'double'에서 'float'(으)로 변환하면서 데이터가 손실될 수 있습니다.
03.Resource\FbxLoader.cpp(192): warning C4244: '인수': 'fbxsdk::FbxDouble'에서 'float'(으)로 변환하면서 데이터가 손실될 수 있습니다.
03.Resource\FbxLoader.cpp(284): warning C4244: '=': 'fbxsdk::FbxDouble'에서 'float'(으)로 변환하면서 데이터가 손실될 수 있습니다.
03.Resource\FbxLoader.cpp(285): warning C4244: '=': 'fbxsdk::FbxDouble'에서 'float'(으)로 변환하면서 데이터가 손실될 수 있습니다.
03.Resource\FbxLoader.cpp(286): warning C4244: '=': 'fbxsdk::FbxDouble'에서 'float'(으)로 변환하면서 데이터가 손실될 수 있습니다.
03.Resource\FbxLoader.cpp(363): warning C4244: '=': 'fbxsdk::FbxDouble'에서 'float'(으)로 변환하면서 데이터가 손실될 수 있습니다.
03.Resource\FbxLoader.cpp(364): warning C4244: '=': 'fbxsdk::FbxDouble'에서 'float'(으)로 변환하면서 데이터가 손실될 수 있습니다.
03.Resource\FbxLoader.cpp(365): warning C4244: '=': 'fbxsdk::FbxDouble'에서 'float'(으)로 변환하면서 데이터가 손실될 수 있습니다.
03.Resource\FbxLoader.cpp(389): warning C4244: '=': 'fbxsdk::FbxDouble'에서 'float'(으)로 변환하면서 데이터가 손실될 수 있습니다.
03.Resource\FbxLoader.cpp(390): warning C4244: '=': 'fbxsdk::FbxDouble'에서 'float'(으)로 변환하면서 데이터가 손실될 수 있습니다.
03.Resource\FbxLoader.cpp(436): warning C4244: '=': 'fbxsdk::FbxDouble'에서 'float'(으)로 변환하면서 데이터가 손실될 수 있습니다.
03.Resource\FbxLoader.cpp(437): warning C4244: '=': 'fbxsdk::FbxDouble'에서 'float'(으)로 변환하면서 데이터가 손실될 수 있습니다.
03.Resource\FbxLoader.cpp(438): warning C4244: '=': 'fbxsdk::FbxDouble'에서 'float'(으)로 변환하면서 데이터가 손실될 수 있습니다.
03.Resource\FbxLoader.cpp(484): warning C4244: '=': 'fbxsdk::FbxDouble'에서 'float'(으)로 변환하면서 데이터가 손실될 수 있습니다.
03.Resource\FbxLoader.cpp(485): warning C4244: '=': 'fbxsdk::FbxDouble'에서 'float'(으)로 변환하면서 데이터가 손실될 수 있습니다.
03.Resource\FbxLoader.cpp(486): warning C4244: '=': 'fbxsdk::FbxDouble'에서 'float'(으)로 변환하면서 데이터가 손실될 수 있습니다.
  Mesh.cpp
03.Resource\Mesh.cpp(332): warning C4018: '>=': signed 또는 unsigned가 일치하지 않습니다.
03.Resource\Mesh.cpp(339): warning C4018: '>=': signed 또는 unsigned가 일치하지 않습니다.
03.Resource\Mesh.cpp(352): warning C4018: '<': signed 또는 unsigned가 일치하지 않습니다.
  ResMgr.cpp
  Sampler.cpp
  Texture.cpp
  BlendState.cpp
  DepthStencilState.cpp
  RasterizerState.cpp
  RenderMgr.cpp
  RenderState.cpp
  Shader.cpp
  ShaderMgr.cpp
  컴파일하고 있습니다...
  Layer.cpp
  Scene.cpp
05.Scene\Scene.cpp(325): warning C4244: '인수': 'unsigned int'에서 'float'(으)로 변환하면서 데이터가 손실될 수 있습니다.
C:\Users\wooju\Desktop\Team_Project\Client_Project\WOOJUN_PROJECT\WOOJUN_ENGINE\Include\06.GameObject/GameObject.h(54): warning C4316: 'WOOJUN::CFrustum': 힙에 할당된 개체가 16에 맞추어져 있지 않을 수도 있습니다
  05.Scene\Scene.cpp(164): note: 컴파일 중인 함수 템플릿 인스턴스화 'T *WOOJUN::CGameObject::AddComponent<WOOJUN::CFrustum>(const std::string &)'에 대한 참조를 확인하십시오.
          with
          [
              T=WOOJUN::CFrustum
          ]
  SceneMgr.cpp
  SceneScript.cpp
  GameObject.cpp
  Animation2D.cpp
  Camera.cpp
  CameraArm.cpp
  CheckBox.cpp
  Collider.cpp
  ColliderPoint.cpp
  ColliderRay.cpp
  ColliderRect.cpp
  ColliderSphere.cpp
  Component.cpp
  DirLight.cpp
  Effect.cpp
  Frustum.cpp
07.Component\Frustum.cpp(168): warning C4316: 'WOOJUN::CFrustum': 힙에 할당된 개체가 16에 맞추어져 있지 않을 수도 있습니다
  Light.cpp
  Material.cpp
  컴파일하고 있습니다...
  PointLight.cpp
  RadioButton.cpp
  RadioButtonMgr.cpp
  Renderer.cpp
07.Component\Renderer.cpp(146): warning C4018: '>=': signed 또는 unsigned가 일치하지 않습니다.
07.Component\Renderer.cpp(150): warning C4018: '>=': signed 또는 unsigned가 일치하지 않습니다.
07.Component\Renderer.cpp(170): warning C4018: '<=': signed 또는 unsigned가 일치하지 않습니다.
07.Component\Renderer.cpp(199): warning C4018: '<=': signed 또는 unsigned가 일치하지 않습니다.
  Renderer2D.cpp
07.Component\Renderer2D.cpp(140): warning C4018: '>=': signed 또는 unsigned가 일치하지 않습니다.
07.Component\Renderer2D.cpp(144): warning C4018: '>=': signed 또는 unsigned가 일치하지 않습니다.
07.Component\Renderer2D.cpp(164): warning C4018: '<=': signed 또는 unsigned가 일치하지 않습니다.
07.Component\Renderer2D.cpp(193): warning C4018: '<=': signed 또는 unsigned가 일치하지 않습니다.
  Script.cpp
  SpotLight.cpp
  Terrain.cpp
07.Component\Terrain.cpp(47): warning C4018: '<': signed 또는 unsigned가 일치하지 않습니다.
07.Component\Terrain.cpp(49): warning C4018: '<': signed 또는 unsigned가 일치하지 않습니다.
07.Component\Terrain.cpp(53): warning C4244: '인수': 'UINT'에서 'float'(으)로 변환하면서 데이터가 손실될 수 있습니다.
07.Component\Terrain.cpp(66): warning C4018: '<': signed 또는 unsigned가 일치하지 않습니다.
07.Component\Terrain.cpp(68): warning C4018: '<': signed 또는 unsigned가 일치하지 않습니다.
  Transform.cpp
  UI.cpp
  UIBack.cpp
  UIBar.cpp
  UIButton.cpp
  BaseObj.cpp
  Device.cpp
  Engine_Core.cpp
  Matrix.cpp
c:\users\wooju\desktop\team_project\client_project\woojun_project\woojun_engine\include\Matrix.h(9): warning C4251: 'WOOJUN::_tagDxMatrix::mat': struct 'DirectX::XMMATRIX'에서는 union 'WOOJUN::_tagDxMatrix'의 클라이언트에서 DLL 인터페이스를 사용하도록 지정해야 합니다.
  C:\Program Files (x86)\Windows Kits\10\Include\10.0.15063.0\um\DirectXMath.h(426): note: 'DirectX::XMMATRIX' 선언을 참조하십시오.
  Vector2.cpp
c:\users\wooju\desktop\team_project\client_project\woojun_project\woojun_engine\include\Vector2.h(8): warning C4275: DLL 인터페이스가 아닌 struct 'DirectX::XMFLOAT2'이(가) DLL 인터페이스 struct 'WOOJUN::_tagDxVector2'의 기본으로 사용되었습니다.
  C:\Program Files (x86)\Windows Kits\10\Include\10.0.15063.0\um\DirectXMath.h(486): note: 'DirectX::XMFLOAT2' 선언을 참조하십시오.
  c:\users\wooju\desktop\team_project\client_project\woojun_project\woojun_engine\include\Vector2.h(7): note: 'WOOJUN::_tagDxVector2' 선언을 참조하십시오.
  Vector3.cpp
c:\users\wooju\desktop\team_project\client_project\woojun_project\woojun_engine\include\Vector3.h(9): warning C4275: DLL 인터페이스가 아닌 struct 'DirectX::XMFLOAT3'이(가) DLL 인터페이스 struct 'WOOJUN::_tagDxVector3'의 기본으로 사용되었습니다.
  C:\Program Files (x86)\Windows Kits\10\Include\10.0.15063.0\um\DirectXMath.h(537): note: 'DirectX::XMFLOAT3' 선언을 참조하십시오.
  c:\users\wooju\desktop\team_project\client_project\woojun_project\woojun_engine\include\Vector3.h(8): note: 'WOOJUN::_tagDxVector3' 선언을 참조하십시오.
c:\users\wooju\desktop\team_project\client_project\woojun_project\woojun_engine\include\Matrix.h(9): warning C4251: 'WOOJUN::_tagDxMatrix::mat': struct 'DirectX::XMMATRIX'에서는 union 'WOOJUN::_tagDxMatrix'의 클라이언트에서 DLL 인터페이스를 사용하도록 지정해야 합니다.
  C:\Program Files (x86)\Windows Kits\10\Include\10.0.15063.0\um\DirectXMath.h(426): note: 'DirectX::XMMATRIX' 선언을 참조하십시오.
  Vector4.cpp
c:\users\wooju\desktop\team_project\client_project\woojun_project\woojun_engine\include\Vector4.h(9): warning C4275: DLL 인터페이스가 아닌 struct 'DirectX::XMFLOAT4'이(가) DLL 인터페이스 struct 'WOOJUN::_tagDxVector4'의 기본으로 사용되었습니다.
  C:\Program Files (x86)\Windows Kits\10\Include\10.0.15063.0\um\DirectXMath.h(591): note: 'DirectX::XMFLOAT4' 선언을 참조하십시오.
  c:\users\wooju\desktop\team_project\client_project\woojun_project\woojun_engine\include\Vector4.h(8): note: 'WOOJUN::_tagDxVector4' 선언을 참조하십시오.
c:\users\wooju\desktop\team_project\client_project\woojun_project\woojun_engine\include\Matrix.h(9): warning C4251: 'WOOJUN::_tagDxMatrix::mat': struct 'DirectX::XMMATRIX'에서는 union 'WOOJUN::_tagDxMatrix'의 클라이언트에서 DLL 인터페이스를 사용하도록 지정해야 합니다.
  C:\Program Files (x86)\Windows Kits\10\Include\10.0.15063.0\um\DirectXMath.h(426): note: 'DirectX::XMMATRIX' 선언을 참조하십시오.
     ../Bin/WOOJUN_ENGINE.lib 라이브러리 및 ../Bin/WOOJUN_ENGINE.exp 개체를 생성하고 있습니다.
  코드를 생성하고 있습니다.
  9636 of 9679 functions (99.6%) were compiled, the rest were copied from previous compilation.
    598 functions were new in current compilation
    0 functions had inline decision re-evaluated but remain unchanged
  코드를 생성했습니다.
  WOOJUN_ENGINE.vcxproj -> C:\Users\wooju\Desktop\Team_Project\Client_Project\WOOJUN_PROJECT\WOOJUN_ENGINE\Include\../Bin/WOOJUN_ENGINE.dll
  0개 파일이 복사되었습니다.
  파일을 찾을 수 없습니다-*.inl
  0개 파일이 복사되었습니다.
  .\WOOJUN_ENGINE\Bin\WOOJUN_ENGINE.dll
  .\WOOJUN_ENGINE\Bin\WOOJUN_ENGINE.lib
  2개 파일이 복사되었습니다.
  .\Engine\Bin\WOOJUN_ENGINE.dll
  .\Engine\Bin\WOOJUN_ENGINE.lib
  2개 파일이 복사되었습니다.
  .\Engine\Bin\WOOJUN_ENGINE.dll
  .\Engine\Bin\WOOJUN_ENGINE.lib
  2개 파일이 복사되었습니다.
