c:\users\wooju\desktop\team_project\client_project\woojun_project\woojun_tool\include\debug\woojun_tool_debug.pch
c:\users\wooju\desktop\team_project\client_project\woojun_project\woojun_tool\include\debug\vc141.pdb
c:\users\wooju\desktop\team_project\client_project\woojun_project\woojun_tool\include\debug\vc141.idb
c:\users\wooju\desktop\team_project\client_project\woojun_project\woojun_tool\include\debug\stdafx.obj
c:\users\wooju\desktop\team_project\client_project\woojun_project\woojun_tool\include\debug\editform.obj
c:\users\wooju\desktop\team_project\client_project\woojun_project\woojun_tool\include\debug\mainfrm.obj
c:\users\wooju\desktop\team_project\client_project\woojun_project\woojun_tool\include\debug\menudialog.obj
c:\users\wooju\desktop\team_project\client_project\woojun_project\woojun_tool\include\debug\objectdialog.obj
c:\users\wooju\desktop\team_project\client_project\woojun_project\woojun_tool\include\debug\testdialog.obj
c:\users\wooju\desktop\team_project\client_project\woojun_project\woojun_tool\include\debug\toolscene.obj
c:\users\wooju\desktop\team_project\client_project\woojun_project\woojun_tool\include\debug\toolvalue.obj
c:\users\wooju\desktop\team_project\client_project\woojun_project\woojun_tool\include\debug\woojun_tool.obj
c:\users\wooju\desktop\team_project\client_project\woojun_project\woojun_tool\include\debug\woojun_tooldoc.obj
c:\users\wooju\desktop\team_project\client_project\woojun_project\woojun_tool\include\debug\woojun_toolview.obj
c:\users\wooju\desktop\team_project\client_project\woojun_project\woojun_tool\bin\woojun_tool_debug.ilk
c:\users\wooju\desktop\team_project\client_project\woojun_project\woojun_tool\bin\woojun_tool_debug.exe
c:\users\wooju\desktop\team_project\client_project\woojun_project\woojun_tool\bin\woojun_tool_debug.pdb
c:\users\wooju\desktop\team_project\client_project\woojun_project\woojun_tool\include\debug\woojun_tool.res
c:\users\wooju\desktop\team_project\client_project\woojun_project\woojun_tool\include\../bin/woojun_tool_debug.exe
c:\users\wooju\desktop\team_project\client_project\woojun_project\woojun_tool\include\debug\woojun_tool.tlog\cl.command.1.tlog
c:\users\wooju\desktop\team_project\client_project\woojun_project\woojun_tool\include\debug\woojun_tool.tlog\cl.read.1.tlog
c:\users\wooju\desktop\team_project\client_project\woojun_project\woojun_tool\include\debug\woojun_tool.tlog\cl.write.1.tlog
c:\users\wooju\desktop\team_project\client_project\woojun_project\woojun_tool\include\debug\woojun_tool.tlog\link.command.1.tlog
c:\users\wooju\desktop\team_project\client_project\woojun_project\woojun_tool\include\debug\woojun_tool.tlog\link.read.1.tlog
c:\users\wooju\desktop\team_project\client_project\woojun_project\woojun_tool\include\debug\woojun_tool.tlog\link.write.1.tlog
c:\users\wooju\desktop\team_project\client_project\woojun_project\woojun_tool\include\debug\woojun_tool.tlog\rc.command.1.tlog
c:\users\wooju\desktop\team_project\client_project\woojun_project\woojun_tool\include\debug\woojun_tool.tlog\rc.read.1.tlog
c:\users\wooju\desktop\team_project\client_project\woojun_project\woojun_tool\include\debug\woojun_tool.tlog\rc.write.1.tlog
