c:\users\wooju\desktop\team_project\client_project\woojun_project\woojun_engine\include\debug\vc141.pdb
c:\users\wooju\desktop\team_project\client_project\woojun_project\woojun_engine\include\debug\vc141.idb
c:\users\wooju\desktop\team_project\client_project\woojun_project\woojun_engine\include\debug\pointlight.obj
c:\users\wooju\desktop\team_project\client_project\woojun_project\woojun_engine\include\debug\radiobutton.obj
c:\users\wooju\desktop\team_project\client_project\woojun_project\woojun_engine\include\debug\radiobuttonmgr.obj
c:\users\wooju\desktop\team_project\client_project\woojun_project\woojun_engine\include\debug\renderer.obj
c:\users\wooju\desktop\team_project\client_project\woojun_project\woojun_engine\include\debug\renderer2d.obj
c:\users\wooju\desktop\team_project\client_project\woojun_project\woojun_engine\include\debug\script.obj
c:\users\wooju\desktop\team_project\client_project\woojun_project\woojun_engine\include\debug\spotlight.obj
c:\users\wooju\desktop\team_project\client_project\woojun_project\woojun_engine\include\debug\terrain.obj
c:\users\wooju\desktop\team_project\client_project\woojun_project\woojun_engine\include\debug\transform.obj
c:\users\wooju\desktop\team_project\client_project\woojun_project\woojun_engine\include\debug\ui.obj
c:\users\wooju\desktop\team_project\client_project\woojun_project\woojun_engine\include\debug\uiback.obj
c:\users\wooju\desktop\team_project\client_project\woojun_project\woojun_engine\include\debug\uibar.obj
c:\users\wooju\desktop\team_project\client_project\woojun_project\woojun_engine\include\debug\uibutton.obj
c:\users\wooju\desktop\team_project\client_project\woojun_project\woojun_engine\include\debug\baseobj.obj
c:\users\wooju\desktop\team_project\client_project\woojun_project\woojun_engine\include\debug\device.obj
c:\users\wooju\desktop\team_project\client_project\woojun_project\woojun_engine\include\debug\engine_core.obj
c:\users\wooju\desktop\team_project\client_project\woojun_project\woojun_engine\include\debug\matrix.obj
c:\users\wooju\desktop\team_project\client_project\woojun_project\woojun_engine\include\debug\vector2.obj
c:\users\wooju\desktop\team_project\client_project\woojun_project\woojun_engine\include\debug\vector3.obj
c:\users\wooju\desktop\team_project\client_project\woojun_project\woojun_engine\include\debug\vector4.obj
c:\users\wooju\desktop\team_project\client_project\woojun_project\woojun_engine\include\debug\layer.obj
c:\users\wooju\desktop\team_project\client_project\woojun_project\woojun_engine\include\debug\scene.obj
c:\users\wooju\desktop\team_project\client_project\woojun_project\woojun_engine\include\debug\scenemgr.obj
c:\users\wooju\desktop\team_project\client_project\woojun_project\woojun_engine\include\debug\scenescript.obj
c:\users\wooju\desktop\team_project\client_project\woojun_project\woojun_engine\include\debug\gameobject.obj
c:\users\wooju\desktop\team_project\client_project\woojun_project\woojun_engine\include\debug\animation2d.obj
c:\users\wooju\desktop\team_project\client_project\woojun_project\woojun_engine\include\debug\camera.obj
c:\users\wooju\desktop\team_project\client_project\woojun_project\woojun_engine\include\debug\cameraarm.obj
c:\users\wooju\desktop\team_project\client_project\woojun_project\woojun_engine\include\debug\checkbox.obj
c:\users\wooju\desktop\team_project\client_project\woojun_project\woojun_engine\include\debug\collider.obj
c:\users\wooju\desktop\team_project\client_project\woojun_project\woojun_engine\include\debug\colliderpoint.obj
c:\users\wooju\desktop\team_project\client_project\woojun_project\woojun_engine\include\debug\colliderray.obj
c:\users\wooju\desktop\team_project\client_project\woojun_project\woojun_engine\include\debug\colliderrect.obj
c:\users\wooju\desktop\team_project\client_project\woojun_project\woojun_engine\include\debug\collidersphere.obj
c:\users\wooju\desktop\team_project\client_project\woojun_project\woojun_engine\include\debug\component.obj
c:\users\wooju\desktop\team_project\client_project\woojun_project\woojun_engine\include\debug\dirlight.obj
c:\users\wooju\desktop\team_project\client_project\woojun_project\woojun_engine\include\debug\effect.obj
c:\users\wooju\desktop\team_project\client_project\woojun_project\woojun_engine\include\debug\frustum.obj
c:\users\wooju\desktop\team_project\client_project\woojun_project\woojun_engine\include\debug\light.obj
c:\users\wooju\desktop\team_project\client_project\woojun_project\woojun_engine\include\debug\material.obj
c:\users\wooju\desktop\team_project\client_project\woojun_project\woojun_engine\include\debug\collisionmgr.obj
c:\users\wooju\desktop\team_project\client_project\woojun_project\woojun_engine\include\debug\debug.obj
c:\users\wooju\desktop\team_project\client_project\woojun_project\woojun_engine\include\debug\keymgr.obj
c:\users\wooju\desktop\team_project\client_project\woojun_project\woojun_engine\include\debug\pathmgr.obj
c:\users\wooju\desktop\team_project\client_project\woojun_project\woojun_engine\include\debug\thread.obj
c:\users\wooju\desktop\team_project\client_project\woojun_project\woojun_engine\include\debug\threadmgr.obj
c:\users\wooju\desktop\team_project\client_project\woojun_project\woojun_engine\include\debug\timer.obj
c:\users\wooju\desktop\team_project\client_project\woojun_project\woojun_engine\include\debug\timermgr.obj
c:\users\wooju\desktop\team_project\client_project\woojun_project\woojun_engine\include\debug\fbxloader.obj
c:\users\wooju\desktop\team_project\client_project\woojun_project\woojun_engine\include\debug\mesh.obj
c:\users\wooju\desktop\team_project\client_project\woojun_project\woojun_engine\include\debug\resmgr.obj
c:\users\wooju\desktop\team_project\client_project\woojun_project\woojun_engine\include\debug\sampler.obj
c:\users\wooju\desktop\team_project\client_project\woojun_project\woojun_engine\include\debug\texture.obj
c:\users\wooju\desktop\team_project\client_project\woojun_project\woojun_engine\include\debug\blendstate.obj
c:\users\wooju\desktop\team_project\client_project\woojun_project\woojun_engine\include\debug\depthstencilstate.obj
c:\users\wooju\desktop\team_project\client_project\woojun_project\woojun_engine\include\debug\rasterizerstate.obj
c:\users\wooju\desktop\team_project\client_project\woojun_project\woojun_engine\include\debug\rendermgr.obj
c:\users\wooju\desktop\team_project\client_project\woojun_project\woojun_engine\include\debug\renderstate.obj
c:\users\wooju\desktop\team_project\client_project\woojun_project\woojun_engine\include\debug\shader.obj
c:\users\wooju\desktop\team_project\client_project\woojun_project\woojun_engine\include\debug\shadermgr.obj
c:\users\wooju\desktop\team_project\client_project\woojun_project\woojun_engine\bin\sky.cso
c:\users\wooju\desktop\team_project\client_project\woojun_project\woojun_engine\bin\collider.cso
c:\users\wooju\desktop\team_project\client_project\woojun_project\woojun_engine\bin\effect.cso
c:\users\wooju\desktop\team_project\client_project\woojun_project\woojun_engine\bin\standard.cso
c:\users\wooju\desktop\team_project\client_project\woojun_project\woojun_engine\bin\ui.cso
c:\users\wooju\desktop\team_project\client_project\woojun_project\woojun_engine\bin\terrain.cso
c:\users\wooju\desktop\team_project\client_project\woojun_project\woojun_engine\bin\woojun_engine_debug.ilk
c:\users\wooju\desktop\team_project\client_project\woojun_project\woojun_engine\bin\woojun_engine_debug.dll
c:\users\wooju\desktop\team_project\client_project\woojun_project\woojun_engine\bin\woojun_engine_debug.pdb
c:\users\wooju\desktop\team_project\client_project\woojun_project\woojun_engine\bin\woojun_engine_debug.lib
c:\users\wooju\desktop\team_project\client_project\woojun_project\woojun_engine\bin\woojun_engine_debug.exp
c:\users\wooju\desktop\team_project\client_project\woojun_project\woojun_engine\bin\share.cso
c:\users\wooju\desktop\team_project\client_project\woojun_project\woojun_engine\include\../bin/woojun_engine_debug.dll
c:\users\wooju\desktop\team_project\client_project\woojun_project\woojun_engine\include\debug\woojun_engine.tlog\cl.command.1.tlog
c:\users\wooju\desktop\team_project\client_project\woojun_project\woojun_engine\include\debug\woojun_engine.tlog\cl.read.1.tlog
c:\users\wooju\desktop\team_project\client_project\woojun_project\woojun_engine\include\debug\woojun_engine.tlog\cl.write.1.tlog
c:\users\wooju\desktop\team_project\client_project\woojun_project\woojun_engine\include\debug\woojun_engine.tlog\fxc.command.1.tlog
c:\users\wooju\desktop\team_project\client_project\woojun_project\woojun_engine\include\debug\woojun_engine.tlog\fxc.read.1.tlog
c:\users\wooju\desktop\team_project\client_project\woojun_project\woojun_engine\include\debug\woojun_engine.tlog\fxc.write.1.tlog
c:\users\wooju\desktop\team_project\client_project\woojun_project\woojun_engine\include\debug\woojun_engine.tlog\link.command.1.tlog
c:\users\wooju\desktop\team_project\client_project\woojun_project\woojun_engine\include\debug\woojun_engine.tlog\link.read.1.tlog
c:\users\wooju\desktop\team_project\client_project\woojun_project\woojun_engine\include\debug\woojun_engine.tlog\link.write.1.tlog
c:\users\wooju\desktop\team_project\client_project\woojun_project\woojun_engine\include\debug\woojun_engine.tlog\woojun_engine.write.1u.tlog
