c:\users\wooju\desktop\team_project\client_project\woojun_project\woojun_client\include\debug\vc141.pdb
c:\users\wooju\desktop\team_project\client_project\woojun_project\woojun_client\include\debug\vc141.idb
c:\users\wooju\desktop\team_project\client_project\woojun_project\woojun_client\include\debug\main.obj
c:\users\wooju\desktop\team_project\client_project\woojun_project\woojun_client\include\debug\monsterbullet.obj
c:\users\wooju\desktop\team_project\client_project\woojun_project\woojun_client\include\debug\minion.obj
c:\users\wooju\desktop\team_project\client_project\woojun_project\woojun_client\include\debug\mouse.obj
c:\users\wooju\desktop\team_project\client_project\woojun_project\woojun_client\include\debug\player.obj
c:\users\wooju\desktop\team_project\client_project\woojun_project\woojun_client\include\debug\playerbullet.obj
c:\users\wooju\desktop\team_project\client_project\woojun_project\woojun_client\include\debug\rotbullet.obj
c:\users\wooju\desktop\team_project\client_project\woojun_project\woojun_client\include\debug\loadingscene.obj
c:\users\wooju\desktop\team_project\client_project\woojun_project\woojun_client\include\debug\mainscene.obj
c:\users\wooju\desktop\team_project\client_project\woojun_project\woojun_client\include\debug\startscene.obj
c:\users\wooju\desktop\team_project\client_project\woojun_project\woojun_client\include\debug\loadingthread.obj
c:\users\wooju\desktop\team_project\client_project\woojun_project\woojun_client\bin\woojun_client_debug.ilk
c:\users\wooju\desktop\team_project\client_project\woojun_project\woojun_client\bin\woojun_client_debug.exe
c:\users\wooju\desktop\team_project\client_project\woojun_project\woojun_client\bin\woojun_client_debug.pdb
c:\users\wooju\desktop\team_project\client_project\woojun_project\woojun_client\include\debug\woojun_client.res
c:\users\wooju\desktop\team_project\client_project\woojun_project\woojun_client\include\../bin/woojun_client_debug.exe
c:\users\wooju\desktop\team_project\client_project\woojun_project\woojun_client\include\debug\woojun_client.tlog\cl.command.1.tlog
c:\users\wooju\desktop\team_project\client_project\woojun_project\woojun_client\include\debug\woojun_client.tlog\cl.read.1.tlog
c:\users\wooju\desktop\team_project\client_project\woojun_project\woojun_client\include\debug\woojun_client.tlog\cl.write.1.tlog
c:\users\wooju\desktop\team_project\client_project\woojun_project\woojun_client\include\debug\woojun_client.tlog\link.command.1.tlog
c:\users\wooju\desktop\team_project\client_project\woojun_project\woojun_client\include\debug\woojun_client.tlog\link.read.1.tlog
c:\users\wooju\desktop\team_project\client_project\woojun_project\woojun_client\include\debug\woojun_client.tlog\link.write.1.tlog
c:\users\wooju\desktop\team_project\client_project\woojun_project\woojun_client\include\debug\woojun_client.tlog\rc.command.1.tlog
c:\users\wooju\desktop\team_project\client_project\woojun_project\woojun_client\include\debug\woojun_client.tlog\rc.read.1.tlog
c:\users\wooju\desktop\team_project\client_project\woojun_project\woojun_client\include\debug\woojun_client.tlog\rc.write.1.tlog
